<?xml version="1.0" encoding="utf-8" standalone="no"?>
<!--This file represents the results of running a test suite-->
<test-results name="C:\projects\pft\addressbook-web-tests\addressbook-web-tests\bin\Debug\addressbook-web-tests.dll" total="5" errors="5" failures="0" not-run="0" inconclusive="0" ignored="0" skipped="0" invalid="0" date="2017-01-25" time="23:35:54">
  <environment nunit-version="2.6.4.14350" clr-version="2.0.50727.5485" os-version="Microsoft Windows NT 6.1.7601 Service Pack 1" platform="Win32NT" cwd="C:\Program Files (x86)\NUnit 2.6.4\bin" machine-name="LENOVO-ПК" user="lenovo" user-domain="lenovo-ПК" />
  <culture-info current-culture="ru-RU" current-uiculture="ru-RU" />
  <test-suite type="Assembly" name="C:\projects\pft\addressbook-web-tests\addressbook-web-tests\bin\Debug\addressbook-web-tests.dll" executed="True" result="Failure" success="False" time="32.433" asserts="0">
    <results>
      <test-suite type="Namespace" name="WebAddressbookTests" executed="True" result="Failure" success="False" time="32.404" asserts="0">
        <results>
          <test-suite type="TestFixture" name="GroupCreationTests" executed="True" result="Failure" success="False" time="32.376" asserts="0">
            <results>
              <test-suite type="ParameterizedTest" name="GroupCreationTest" executed="True" result="Failure" success="False" time="32.363" asserts="0">
                <results>
                  <test-case name="WebAddressbookTests.GroupCreationTests.GroupCreationTest(name =BAaAc_qaq&#xA; Header = Ss&#xA; Footer = KUnRTN)" executed="True" result="Error" success="False" time="23.224" asserts="0">
                    <failure>
                      <message><![CDATA[SetUp : OpenQA.Selenium.NoSuchElementException : Unable to locate element: {"method":"name","selector":"user"}]]></message>
                      <stack-trace><![CDATA[в OpenQA.Selenium.Remote.RemoteWebDriver.UnpackAndThrowOnError(Response errorResponse)
в OpenQA.Selenium.Remote.RemoteWebDriver.Execute(String driverCommandToExecute, Dictionary`2 parameters)
в OpenQA.Selenium.Remote.RemoteWebDriver.FindElement(String mechanism, String value)
в WebAddressbookTests.HelperBase.Type(By locator, String text) в C:\projects\pft\addressbook-web-tests\addressbook-web-tests\appmanager\HelperBase.cs:строка 29
в WebAddressbookTests.LoginHelper.Login(LoginData logindata) в C:\projects\pft\addressbook-web-tests\addressbook-web-tests\appmanager\LoginHelper.cs:строка 29
в WebAddressbookTests.LoginTestBase.SetupLogin() в C:\projects\pft\addressbook-web-tests\addressbook-web-tests\tests\LoginTestBase.cs:строка 15
]]></stack-trace>
                    </failure>
                  </test-case>
                  <test-case name="WebAddressbookTests.GroupCreationTests.GroupCreationTest(name =@u&#xA; Header = Tfu^lxxTVogfJiR&#xA; Footer = IESBly`JkHJUtGiMUhBEcsiwEZ)" executed="True" result="Error" success="False" time="2.289" asserts="0">
                    <failure>
                      <message><![CDATA[SetUp : OpenQA.Selenium.NoSuchElementException : Unable to locate element: {"method":"name","selector":"user"}]]></message>
                      <stack-trace><![CDATA[в OpenQA.Selenium.Remote.RemoteWebDriver.UnpackAndThrowOnError(Response errorResponse)
в OpenQA.Selenium.Remote.RemoteWebDriver.Execute(String driverCommandToExecute, Dictionary`2 parameters)
в OpenQA.Selenium.Remote.RemoteWebDriver.FindElement(String mechanism, String value)
в WebAddressbookTests.HelperBase.Type(By locator, String text) в C:\projects\pft\addressbook-web-tests\addressbook-web-tests\appmanager\HelperBase.cs:строка 29
в WebAddressbookTests.LoginHelper.Login(LoginData logindata) в C:\projects\pft\addressbook-web-tests\addressbook-web-tests\appmanager\LoginHelper.cs:строка 29
в WebAddressbookTests.LoginTestBase.SetupLogin() в C:\projects\pft\addressbook-web-tests\addressbook-web-tests\tests\LoginTestBase.cs:строка 15
]]></stack-trace>
                    </failure>
                  </test-case>
                  <test-case name="WebAddressbookTests.GroupCreationTests.GroupCreationTest(name =tdbBg&#xA; Header = &#xA; Footer = cPbJvwPmNKLYl`mwUd_DZSoW`Bc`HG]Uy^XeJlDope^ke)" executed="True" result="Error" success="False" time="2.191" asserts="0">
                    <failure>
                      <message><![CDATA[SetUp : OpenQA.Selenium.NoSuchElementException : Unable to locate element: {"method":"name","selector":"user"}]]></message>
                      <stack-trace><![CDATA[в OpenQA.Selenium.Remote.RemoteWebDriver.UnpackAndThrowOnError(Response errorResponse)
в OpenQA.Selenium.Remote.RemoteWebDriver.Execute(String driverCommandToExecute, Dictionary`2 parameters)
в OpenQA.Selenium.Remote.RemoteWebDriver.FindElement(String mechanism, String value)
в WebAddressbookTests.HelperBase.Type(By locator, String text) в C:\projects\pft\addressbook-web-tests\addressbook-web-tests\appmanager\HelperBase.cs:строка 29
в WebAddressbookTests.LoginHelper.Login(LoginData logindata) в C:\projects\pft\addressbook-web-tests\addressbook-web-tests\appmanager\LoginHelper.cs:строка 29
в WebAddressbookTests.LoginTestBase.SetupLogin() в C:\projects\pft\addressbook-web-tests\addressbook-web-tests\tests\LoginTestBase.cs:строка 15
]]></stack-trace>
                    </failure>
                  </test-case>
                  <test-case name="WebAddressbookTests.GroupCreationTests.GroupCreationTest(name =yFgNXHv&#xA; Header = IwmnVvgMEEiDmBURJrZOfo&#xA; Footer = DlrCsuiUY`U[rWVHHb`YBatwlUC`hgmTHiB^sKTJ)" executed="True" result="Error" success="False" time="2.194" asserts="0">
                    <failure>
                      <message><![CDATA[SetUp : OpenQA.Selenium.NoSuchElementException : Unable to locate element: {"method":"name","selector":"user"}]]></message>
                      <stack-trace><![CDATA[в OpenQA.Selenium.Remote.RemoteWebDriver.UnpackAndThrowOnError(Response errorResponse)
в OpenQA.Selenium.Remote.RemoteWebDriver.Execute(String driverCommandToExecute, Dictionary`2 parameters)
в OpenQA.Selenium.Remote.RemoteWebDriver.FindElement(String mechanism, String value)
в WebAddressbookTests.HelperBase.Type(By locator, String text) в C:\projects\pft\addressbook-web-tests\addressbook-web-tests\appmanager\HelperBase.cs:строка 29
в WebAddressbookTests.LoginHelper.Login(LoginData logindata) в C:\projects\pft\addressbook-web-tests\addressbook-web-tests\appmanager\LoginHelper.cs:строка 29
в WebAddressbookTests.LoginTestBase.SetupLogin() в C:\projects\pft\addressbook-web-tests\addressbook-web-tests\tests\LoginTestBase.cs:строка 15
]]></stack-trace>
                    </failure>
                  </test-case>
                  <test-case name="WebAddressbookTests.GroupCreationTests.GroupCreationTest(name =TeMf&#xA; Header = YnRGDNVBKxEk]qJglnASIUrOwNVChvgQrvPCV`iFlgq`&#xA; Footer = [qSLhrYeaPYeCKpsSTNPnsaaFQLEva^QWCqz)" executed="True" result="Error" success="False" time="2.181" asserts="0">
                    <failure>
                      <message><![CDATA[SetUp : OpenQA.Selenium.NoSuchElementException : Unable to locate element: {"method":"name","selector":"user"}]]></message>
                      <stack-trace><![CDATA[в OpenQA.Selenium.Remote.RemoteWebDriver.UnpackAndThrowOnError(Response errorResponse)
в OpenQA.Selenium.Remote.RemoteWebDriver.Execute(String driverCommandToExecute, Dictionary`2 parameters)
в OpenQA.Selenium.Remote.RemoteWebDriver.FindElement(String mechanism, String value)
в WebAddressbookTests.HelperBase.Type(By locator, String text) в C:\projects\pft\addressbook-web-tests\addressbook-web-tests\appmanager\HelperBase.cs:строка 29
в WebAddressbookTests.LoginHelper.Login(LoginData logindata) в C:\projects\pft\addressbook-web-tests\addressbook-web-tests\appmanager\LoginHelper.cs:строка 29
в WebAddressbookTests.LoginTestBase.SetupLogin() в C:\projects\pft\addressbook-web-tests\addressbook-web-tests\tests\LoginTestBase.cs:строка 15
]]></stack-trace>
                    </failure>
                  </test-case>
                </results>
              </test-suite>
            </results>
          </test-suite>
        </results>
      </test-suite>
    </results>
  </test-suite>
</test-results>